{"/Users/admin/work/me/v3-ts-2021/src/components/HelloWorld.vue": {"path":"/Users/admin/work/me/v3-ts-2021/src/components/HelloWorld.vue","statementMap":{"0":{"start":{"line":71,"column":0},"end":{"line":71,"column":null}},"1":{"start":{"line":73,"column":15},"end":{"line":73,"column":31}},"2":{"start":{"line":79,"column":4},"end":{"line":79,"column":11}},"3":{"start":{"line":85,"column":6},"end":{"line":85,"column":11}}},"fnMap":{"0":{"name":"(anonymous_0)","decl":{"start":{"line":78,"column":6},"end":{"line":78,"column":null}},"loc":{"start":{"line":78,"column":6},"end":{"line":82,"column":null}}},"1":{"name":"(anonymous_1)","decl":{"start":{"line":84,"column":9},"end":{"line":84,"column":null}},"loc":{"start":{"line":84,"column":9},"end":{"line":86,"column":null}}}},"branchMap":{},"s":{"0":1,"1":1,"2":2,"3":1},"f":{"0":2,"1":1},"b":{}}
}
